[debug] [2021-11-23T14:24:20.408Z] ----------------------------------------------------------------------
[debug] [2021-11-23T14:24:20.413Z] Command:       C:\Program Files\nodejs\node.exe C:\Users\Администратор\AppData\Roaming\npm\node_modules\firebase-tools\lib\bin\firebase.js init
[debug] [2021-11-23T14:24:20.414Z] CLI Version:   9.22.0
[debug] [2021-11-23T14:24:20.414Z] Platform:      win32
[debug] [2021-11-23T14:24:20.414Z] Node Version:  v16.13.0
[debug] [2021-11-23T14:24:20.416Z] Time:          Tue Nov 23 2021 16:24:20 GMT+0200 (Восточная Европа, стандартное время)
[debug] [2021-11-23T14:24:20.417Z] ----------------------------------------------------------------------
[debug] 
[debug] [2021-11-23T14:24:20.423Z] >>> [apiv2][query] GET https://firebase-public.firebaseio.com/cli.json [none]
[debug] [2021-11-23T14:24:20.472Z] > command requires scopes: ["email","openid","https://www.googleapis.com/auth/cloudplatformprojects.readonly","https://www.googleapis.com/auth/firebase","https://www.googleapis.com/auth/cloud-platform"]
[debug] [2021-11-23T14:24:20.475Z] > authorizing via signed-in user (boiko.vtyna@gmail.com)
[info] 
     ######## #### ########  ######## ########     ###     ######  ########
     ##        ##  ##     ## ##       ##     ##  ##   ##  ##       ##
     ######    ##  ########  ######   ########  #########  ######  ######
     ##        ##  ##    ##  ##       ##     ## ##     ##       ## ##
     ##       #### ##     ## ######## ########  ##     ##  ######  ########

You're about to initialize a Firebase project in this directory:

  D:\ВАЛЯ\it\web-projects\books_pics\book_store

[debug] [2021-11-23T14:24:21.019Z] <<< [apiv2][status] GET https://firebase-public.firebaseio.com/cli.json 200
[debug] [2021-11-23T14:24:21.020Z] <<< [apiv2][body] GET https://firebase-public.firebaseio.com/cli.json {"cloudBuildErrorAfter":1594252800000,"cloudBuildWarnAfter":1590019200000,"defaultNode10After":1594252800000,"minVersion":"3.0.5","node8DeploysDisabledAfter":1613390400000,"node8RuntimeDisabledAfter":1615809600000,"node8WarnAfter":1600128000000}
